The target system is: Generic - 1.14.0 - arm
The host system is: Linux - 4.15.0-20-generic - x86_64
Compiling the C compiler identification source file "CMakeCCompilerId.c" succeeded.
Compiler: /home/acrs/zephyr-sdk-0.10.0/arm-zephyr-eabi/bin/arm-zephyr-eabi-gcc 
Build flags: 
Id flags: -c 

The output was:
0


Compilation of the C compiler identification source "CMakeCCompilerId.c" produced "CMakeCCompilerId.o"

The C compiler identification is GNU, found in "/home/acrs/arthcrs@gmail.com/knot/knot-lib/app/rfid/build/CMakeFiles/3.13.1/CompilerIdC/CMakeCCompilerId.o"

Compiling the CXX compiler identification source file "CMakeCXXCompilerId.cpp" succeeded.
Compiler: /home/acrs/zephyr-sdk-0.10.0/arm-zephyr-eabi/bin/arm-zephyr-eabi-g++ 
Build flags: 
Id flags: -c 

The output was:
0


Compilation of the CXX compiler identification source "CMakeCXXCompilerId.cpp" produced "CMakeCXXCompilerId.o"

The CXX compiler identification is GNU, found in "/home/acrs/arthcrs@gmail.com/knot/knot-lib/app/rfid/build/CMakeFiles/3.13.1/CompilerIdCXX/CMakeCXXCompilerId.o"

Checking whether the ASM compiler is GNU using "--version" matched "(GNU assembler)|(GCC)|(Free Software Foundation)":
arm-zephyr-eabi-gcc (crosstool-NG 1.24.0-rc2-dirty) 8.3.0
Copyright (C) 2018 Free Software Foundation, Inc.
This is free software; see the source for copying conditions.  There is NO
warranty; not even for MERCHANTABILITY or FITNESS FOR A PARTICULAR PURPOSE.

Performing C SOURCE FILE Test toolchain_is_ok succeeded with the following output:
Change Dir: /home/acrs/arthcrs@gmail.com/knot/knot-lib/app/rfid/build/CMakeFiles/CMakeTmp

Run Build Command:"/usr/bin/make" "cmTC_95cb5/fast"
/usr/bin/make -f CMakeFiles/cmTC_95cb5.dir/build.make CMakeFiles/cmTC_95cb5.dir/build
make[1]: Entering directory '/home/acrs/arthcrs@gmail.com/knot/knot-lib/app/rfid/build/CMakeFiles/CMakeTmp'
Building C object CMakeFiles/cmTC_95cb5.dir/src.c.obj
/home/acrs/zephyr-sdk-0.10.0/arm-zephyr-eabi/bin/arm-zephyr-eabi-gcc   -Dtoolchain_is_ok -nostartfiles -nostdlib -isystem "/home/acrs/zephyr-sdk-0.10.0/arm-zephyr-eabi/bin/../lib/gcc/arm-zephyr-eabi/8.3.0/include" -isystem "/home/acrs/zephyr-sdk-0.10.0/arm-zephyr-eabi/bin/../lib/gcc/arm-zephyr-eabi/8.3.0/include-fixed" -Wl,--unresolved-symbols=ignore-in-object-files   -o CMakeFiles/cmTC_95cb5.dir/src.c.obj   -c /home/acrs/arthcrs@gmail.com/knot/knot-lib/app/rfid/build/CMakeFiles/CMakeTmp/src.c
Linking C executable cmTC_95cb5
/home/acrs/bin/cmake/cmake-3.13.1-Linux-x86_64/bin/cmake -E cmake_link_script CMakeFiles/cmTC_95cb5.dir/link.txt --verbose=1
/home/acrs/zephyr-sdk-0.10.0/arm-zephyr-eabi/bin/arm-zephyr-eabi-gcc  -Dtoolchain_is_ok -nostartfiles -nostdlib -isystem "/home/acrs/zephyr-sdk-0.10.0/arm-zephyr-eabi/bin/../lib/gcc/arm-zephyr-eabi/8.3.0/include" -isystem "/home/acrs/zephyr-sdk-0.10.0/arm-zephyr-eabi/bin/../lib/gcc/arm-zephyr-eabi/8.3.0/include-fixed" -Wl,--unresolved-symbols=ignore-in-object-files    CMakeFiles/cmTC_95cb5.dir/src.c.obj  -o cmTC_95cb5 
/home/acrs/zephyr-sdk-0.10.0/arm-zephyr-eabi/bin/../lib/gcc/arm-zephyr-eabi/8.3.0/../../../../arm-zephyr-eabi/bin/ld: warning: cannot find entry symbol _start; defaulting to 0000000000008000
make[1]: Leaving directory '/home/acrs/arthcrs@gmail.com/knot/knot-lib/app/rfid/build/CMakeFiles/CMakeTmp'

Source file was:
int main(void) { return 0; }
